

Started GET "/" for 127.0.0.1 at 2015-05-15 20:15:49 +0100
Processing by Rails::WelcomeController#index as HTML
  Rendered C:/RailsInstaller/Ruby2.1.0/lib/ruby/gems/2.1.0/gems/railties-4.1.8/lib/rails/templates/rails/welcome/index.html.erb (16.4ms)
Completed 200 OK in 170ms (Views: 112.9ms | ActiveRecord: 0.0ms)


Started GET "/" for 127.0.0.1 at 2015-05-15 20:17:24 +0100
Processing by Rails::WelcomeController#index as HTML
  Rendered C:/RailsInstaller/Ruby2.1.0/lib/ruby/gems/2.1.0/gems/railties-4.1.8/lib/rails/templates/rails/welcome/index.html.erb (1.0ms)
Completed 200 OK in 11ms (Views: 10.0ms | ActiveRecord: 0.0ms)
  [1m[36m (125.0ms)[0m  [1mCREATE TABLE "schema_migrations" ("version" varchar(255) NOT NULL) [0m
  [1m[35m (0.0ms)[0m  select sqlite_version(*)
  [1m[36m (109.4ms)[0m  [1mCREATE UNIQUE INDEX "unique_schema_migrations" ON "schema_migrations" ("version")[0m
  [1m[35mActiveRecord::SchemaMigration Load (0.0ms)[0m  SELECT "schema_migrations".* FROM "schema_migrations"
Migrating to CreateIdeas (20150515193144)
  [1m[36m (0.0ms)[0m  [1mbegin transaction[0m
  [1m[35m (0.0ms)[0m  CREATE TABLE "ideas" ("id" INTEGER PRIMARY KEY AUTOINCREMENT NOT NULL, "name" varchar(255), "description" text, "picture" varchar(255), "created_at" datetime, "updated_at" datetime) 
  [1m[36mSQL (0.0ms)[0m  [1mINSERT INTO "schema_migrations" ("version") VALUES (?)[0m  [["version", "20150515193144"]]
  [1m[35m (78.2ms)[0m  commit transaction
  [1m[36mActiveRecord::SchemaMigration Load (0.0ms)[0m  [1mSELECT "schema_migrations".* FROM "schema_migrations"[0m


Started GET "/" for 127.0.0.1 at 2015-05-15 20:33:35 +0100
  [1m[36mActiveRecord::SchemaMigration Load (1.0ms)[0m  [1mSELECT "schema_migrations".* FROM "schema_migrations"[0m
Processing by Rails::WelcomeController#index as HTML
  Rendered C:/RailsInstaller/Ruby2.1.0/lib/ruby/gems/2.1.0/gems/railties-4.1.8/lib/rails/templates/rails/welcome/index.html.erb (12.0ms)
Completed 200 OK in 127ms (Views: 71.0ms | ActiveRecord: 0.0ms)


Started GET "/ideas" for 127.0.0.1 at 2015-05-15 20:34:02 +0100
Processing by IdeasController#index as HTML
  [1m[35mIdea Load (0.0ms)[0m  SELECT "ideas".* FROM "ideas"
  Rendered ideas/index.html.erb within layouts/application (6.9ms)
Completed 500 Internal Server Error in 9711ms

ActionView::Template::Error (TypeError: El objeto no acepta esta propiedad o método
  (in C:/RailsInstaller/Ruby2.1.0/lib/ruby/gems/2.1.0/gems/turbolinks-2.5.3/lib/assets/javascripts/turbolinks.js.coffee)):
    3: <head>
    4:   <title>Railsgirls</title>
    5:   <%= stylesheet_link_tag    'application', media: 'all', 'data-turbolinks-track' => true %>
    6:   <%= javascript_include_tag 'application', 'data-turbolinks-track' => true %>
    7:   <%= csrf_meta_tags %>
    8: </head>
    9: <body>
  app/views/layouts/application.html.erb:6:in `_app_views_layouts_application_html_erb__844085311_47533500'


  Rendered C:/RailsInstaller/Ruby2.1.0/lib/ruby/gems/2.1.0/gems/actionpack-4.1.8/lib/action_dispatch/middleware/templates/rescues/_trace.html.erb (6.0ms)
  Rendered C:/RailsInstaller/Ruby2.1.0/lib/ruby/gems/2.1.0/gems/actionpack-4.1.8/lib/action_dispatch/middleware/templates/rescues/_request_and_response.html.erb (3.0ms)
  Rendered C:/RailsInstaller/Ruby2.1.0/lib/ruby/gems/2.1.0/gems/actionpack-4.1.8/lib/action_dispatch/middleware/templates/rescues/template_error.html.erb within rescues/layout (128.7ms)


Started GET "/" for 127.0.0.1 at 2015-05-16 10:55:02 +0100
  [1m[36mActiveRecord::SchemaMigration Load (0.0ms)[0m  [1mSELECT "schema_migrations".* FROM "schema_migrations"[0m
Processing by Rails::WelcomeController#index as HTML
  Rendered C:/RailsInstaller/Ruby2.1.0/lib/ruby/gems/2.1.0/gems/railties-4.1.8/lib/rails/templates/rails/welcome/index.html.erb (16.0ms)
Completed 200 OK in 148ms (Views: 84.0ms | ActiveRecord: 0.0ms)


Started GET "/ideas" for 127.0.0.1 at 2015-05-16 10:55:17 +0100
Processing by IdeasController#index as HTML
  [1m[35mIdea Load (4.0ms)[0m  SELECT "ideas".* FROM "ideas"
  Rendered ideas/index.html.erb within layouts/application (4.0ms)
Completed 500 Internal Server Error in 9267ms

ActionView::Template::Error (TypeError: El objeto no acepta esta propiedad o método
  (in C:/RailsInstaller/Ruby2.1.0/lib/ruby/gems/2.1.0/gems/turbolinks-2.5.3/lib/assets/javascripts/turbolinks.js.coffee)):
     5:   <%= stylesheet_link_tag    'application', media: 'all', 'data-turbolinks-track' => true %>
     6:   <link rel="stylesheet" href="//railsgirls.com/assets/bootstrap.css">
     7:   <link rel="stylesheet" href="//railsgirls.com/assets/bootstrap-theme.css">
     8:   <%= javascript_include_tag 'application', 'data-turbolinks-track' => true %>
     9:   <%= csrf_meta_tags %>
    10: </head>
    11: <body>
  app/views/layouts/application.html.erb:8:in `_app_views_layouts_application_html_erb__282393375_48061464'


  Rendered C:/RailsInstaller/Ruby2.1.0/lib/ruby/gems/2.1.0/gems/actionpack-4.1.8/lib/action_dispatch/middleware/templates/rescues/_trace.html.erb (6.0ms)
  Rendered C:/RailsInstaller/Ruby2.1.0/lib/ruby/gems/2.1.0/gems/actionpack-4.1.8/lib/action_dispatch/middleware/templates/rescues/_request_and_response.html.erb (4.0ms)
  Rendered C:/RailsInstaller/Ruby2.1.0/lib/ruby/gems/2.1.0/gems/actionpack-4.1.8/lib/action_dispatch/middleware/templates/rescues/template_error.html.erb within rescues/layout (145.4ms)


Started GET "/" for 127.0.0.1 at 2015-05-16 10:56:27 +0100
Processing by Rails::WelcomeController#index as HTML
  Rendered C:/RailsInstaller/Ruby2.1.0/lib/ruby/gems/2.1.0/gems/railties-4.1.8/lib/rails/templates/rails/welcome/index.html.erb (1.0ms)
Completed 200 OK in 12ms (Views: 10.0ms | ActiveRecord: 0.0ms)
  [1m[36mActiveRecord::SchemaMigration Load (0.0ms)[0m  [1mSELECT "schema_migrations".* FROM "schema_migrations"[0m
  [1m[35mActiveRecord::SchemaMigration Load (0.0ms)[0m  SELECT "schema_migrations".* FROM "schema_migrations"
  [1m[36mActiveRecord::SchemaMigration Load (15.6ms)[0m  [1mSELECT "schema_migrations".* FROM "schema_migrations"[0m
  [1m[35mActiveRecord::SchemaMigration Load (0.0ms)[0m  SELECT "schema_migrations".* FROM "schema_migrations"
  [1m[36mActiveRecord::SchemaMigration Load (0.0ms)[0m  [1mSELECT "schema_migrations".* FROM "schema_migrations"[0m
  [1m[35mActiveRecord::SchemaMigration Load (0.0ms)[0m  SELECT "schema_migrations".* FROM "schema_migrations"


Started GET "/ideas" for 127.0.0.1 at 2015-05-16 11:13:42 +0100
Processing by IdeasController#index as HTML
  [1m[36mIdea Load (0.0ms)[0m  [1mSELECT "ideas".* FROM "ideas"[0m
  Rendered ideas/index.html.erb within layouts/application (4.0ms)
Completed 500 Internal Server Error in 8622ms

ActionView::Template::Error (TypeError: El objeto no acepta esta propiedad o método
  (in C:/RailsInstaller/Ruby2.1.0/lib/ruby/gems/2.1.0/gems/turbolinks-2.5.3/lib/assets/javascripts/turbolinks.js.coffee)):
     5:   <%= stylesheet_link_tag    'application', media: 'all', 'data-turbolinks-track' => true %>
     6:   <link rel="stylesheet" href="//railsgirls.com/assets/bootstrap.css">
     7:   <link rel="stylesheet" href="//railsgirls.com/assets/bootstrap-theme.css">
     8:   <%= javascript_include_tag 'application', 'data-turbolinks-track' => true %>
     9:   <%= csrf_meta_tags %>
    10: </head>
    11: <body>
  app/views/layouts/application.html.erb:8:in `_app_views_layouts_application_html_erb__282393375_48061464'


  Rendered C:/RailsInstaller/Ruby2.1.0/lib/ruby/gems/2.1.0/gems/actionpack-4.1.8/lib/action_dispatch/middleware/templates/rescues/_trace.html.erb (4.0ms)
  Rendered C:/RailsInstaller/Ruby2.1.0/lib/ruby/gems/2.1.0/gems/actionpack-4.1.8/lib/action_dispatch/middleware/templates/rescues/_request_and_response.html.erb (4.0ms)
  Rendered C:/RailsInstaller/Ruby2.1.0/lib/ruby/gems/2.1.0/gems/actionpack-4.1.8/lib/action_dispatch/middleware/templates/rescues/template_error.html.erb within rescues/layout (116.0ms)


Started GET "/ideas" for 127.0.0.1 at 2015-05-16 11:24:05 +0100
Processing by IdeasController#index as HTML
  [1m[35mIdea Load (4.0ms)[0m  SELECT "ideas".* FROM "ideas"
  Rendered ideas/index.html.erb within layouts/application (4.0ms)
Completed 500 Internal Server Error in 8604ms

ActionView::Template::Error (TypeError: El objeto no acepta esta propiedad o método
  (in C:/RailsInstaller/Ruby2.1.0/lib/ruby/gems/2.1.0/gems/turbolinks-2.5.3/lib/assets/javascripts/turbolinks.js.coffee)):
     5:   <%= stylesheet_link_tag    'application', media: 'all', 'data-turbolinks-track' => true %>
     6:   <link rel="stylesheet" href="//railsgirls.com/assets/bootstrap.css">
     7:   <link rel="stylesheet" href="//railsgirls.com/assets/bootstrap-theme.css">
     8:   <%= javascript_include_tag 'application', 'data-turbolinks-track' => true %>
     9:   <%= csrf_meta_tags %>
    10: </head>
    11: <body>
  app/views/layouts/application.html.erb:8:in `_app_views_layouts_application_html_erb__282393375_48061464'


  Rendered C:/RailsInstaller/Ruby2.1.0/lib/ruby/gems/2.1.0/gems/actionpack-4.1.8/lib/action_dispatch/middleware/templates/rescues/_trace.html.erb (4.0ms)
  Rendered C:/RailsInstaller/Ruby2.1.0/lib/ruby/gems/2.1.0/gems/actionpack-4.1.8/lib/action_dispatch/middleware/templates/rescues/_request_and_response.html.erb (4.0ms)
  Rendered C:/RailsInstaller/Ruby2.1.0/lib/ruby/gems/2.1.0/gems/actionpack-4.1.8/lib/action_dispatch/middleware/templates/rescues/template_error.html.erb within rescues/layout (120.0ms)


Started GET "/ideas" for 127.0.0.1 at 2015-05-16 11:31:15 +0100
  [1m[36mActiveRecord::SchemaMigration Load (4.0ms)[0m  [1mSELECT "schema_migrations".* FROM "schema_migrations"[0m
Processing by IdeasController#index as HTML
  [1m[35mIdea Load (0.0ms)[0m  SELECT "ideas".* FROM "ideas"
  Rendered ideas/index.html.erb within layouts/application (20.0ms)
Completed 500 Internal Server Error in 244ms

ActionView::Template::Error (couldn't find file 'turbolinks'
  (in C:/Sites/railsgirls/app/assets/javascripts/application.js:15)):
     5:   <%= stylesheet_link_tag    'application', media: 'all', 'data-turbolinks-track' => true %>
     6:   <link rel="stylesheet" href="//railsgirls.com/assets/bootstrap.css">
     7:   <link rel="stylesheet" href="//railsgirls.com/assets/bootstrap-theme.css">
     8:   <%= javascript_include_tag 'application', 'data-turbolinks-track' => true %>
     9:   <%= csrf_meta_tags %>
    10: </head>
    11: <body>
  app/views/layouts/application.html.erb:8:in `_app_views_layouts_application_html_erb__670190300_48120636'


  Rendered C:/RailsInstaller/Ruby2.1.0/lib/ruby/gems/2.1.0/gems/actionpack-4.1.8/lib/action_dispatch/middleware/templates/rescues/_trace.html.erb (4.0ms)
  Rendered C:/RailsInstaller/Ruby2.1.0/lib/ruby/gems/2.1.0/gems/actionpack-4.1.8/lib/action_dispatch/middleware/templates/rescues/_request_and_response.html.erb (56.0ms)
  Rendered C:/RailsInstaller/Ruby2.1.0/lib/ruby/gems/2.1.0/gems/actionpack-4.1.8/lib/action_dispatch/middleware/templates/rescues/template_error.html.erb within rescues/layout (172.0ms)


Started GET "/ideas" for 127.0.0.1 at 2015-05-16 11:32:22 +0100
Processing by IdeasController#index as HTML
  [1m[36mIdea Load (0.0ms)[0m  [1mSELECT "ideas".* FROM "ideas"[0m
  Rendered ideas/index.html.erb within layouts/application (8.0ms)
Completed 500 Internal Server Error in 1199ms

ActionView::Template::Error (TypeError: El objeto no acepta esta propiedad o método
  (in C:/Sites/railsgirls/app/assets/javascripts/ideas.js.coffee)):
     5:   <%= stylesheet_link_tag    'application', media: 'all', 'data-turbolinks-track' => true %>
     6:   <link rel="stylesheet" href="//railsgirls.com/assets/bootstrap.css">
     7:   <link rel="stylesheet" href="//railsgirls.com/assets/bootstrap-theme.css">
     8:   <%= javascript_include_tag 'application', 'data-turbolinks-track' => true %>
     9:   <%= csrf_meta_tags %>
    10: </head>
    11: <body>
  app/views/layouts/application.html.erb:8:in `_app_views_layouts_application_html_erb__670190300_48120636'


  Rendered C:/RailsInstaller/Ruby2.1.0/lib/ruby/gems/2.1.0/gems/actionpack-4.1.8/lib/action_dispatch/middleware/templates/rescues/_trace.html.erb (4.0ms)
  Rendered C:/RailsInstaller/Ruby2.1.0/lib/ruby/gems/2.1.0/gems/actionpack-4.1.8/lib/action_dispatch/middleware/templates/rescues/_request_and_response.html.erb (4.0ms)
  Rendered C:/RailsInstaller/Ruby2.1.0/lib/ruby/gems/2.1.0/gems/actionpack-4.1.8/lib/action_dispatch/middleware/templates/rescues/template_error.html.erb within rescues/layout (121.3ms)


Started GET "/ideas" for 127.0.0.1 at 2015-05-16 11:35:17 +0100
Processing by IdeasController#index as HTML
  [1m[35mIdea Load (4.0ms)[0m  SELECT "ideas".* FROM "ideas"
  Rendered ideas/index.html.erb within layouts/application (8.0ms)
Completed 500 Internal Server Error in 619ms

ActionView::Template::Error (TypeError: El objeto no acepta esta propiedad o método
  (in C:/Sites/railsgirls/app/assets/javascripts/ideas.js.coffee)):
     5:   <%= stylesheet_link_tag    'default', media: 'all', 'data-turbolinks-track' => true %>
     6:   <link rel="stylesheet" href="//railsgirls.com/assets/bootstrap.css">
     7:   <link rel="stylesheet" href="//railsgirls.com/assets/bootstrap-theme.css">
     8:   <%= javascript_include_tag 'application', 'data-turbolinks-track' => true %>
     9:   <%= csrf_meta_tags %>
    10: </head>
    11: <body>
  app/views/layouts/application.html.erb:8:in `_app_views_layouts_application_html_erb__670190300_51963864'


  Rendered C:/RailsInstaller/Ruby2.1.0/lib/ruby/gems/2.1.0/gems/actionpack-4.1.8/lib/action_dispatch/middleware/templates/rescues/_trace.html.erb (8.0ms)
  Rendered C:/RailsInstaller/Ruby2.1.0/lib/ruby/gems/2.1.0/gems/actionpack-4.1.8/lib/action_dispatch/middleware/templates/rescues/_request_and_response.html.erb (4.0ms)
  Rendered C:/RailsInstaller/Ruby2.1.0/lib/ruby/gems/2.1.0/gems/actionpack-4.1.8/lib/action_dispatch/middleware/templates/rescues/template_error.html.erb within rescues/layout (116.0ms)


Started GET "/ideas" for 127.0.0.1 at 2015-05-16 11:39:10 +0100
  [1m[36mActiveRecord::SchemaMigration Load (0.0ms)[0m  [1mSELECT "schema_migrations".* FROM "schema_migrations"[0m
Processing by IdeasController#index as HTML
  [1m[35mIdea Load (0.0ms)[0m  SELECT "ideas".* FROM "ideas"
  Rendered ideas/index.html.erb within layouts/application (16.0ms)
Completed 500 Internal Server Error in 208ms

LoadError (cannot load such file -- coffee_script
  (in C:/Sites/railsgirls/app/assets/javascripts/ideas.js.coffee)):
  app/views/layouts/application.html.erb:8:in `_app_views_layouts_application_html_erb___462896309_48968532'


  Rendered C:/RailsInstaller/Ruby2.1.0/lib/ruby/gems/2.1.0/gems/actionpack-4.1.8/lib/action_dispatch/middleware/templates/rescues/_source.erb (0.0ms)
  Rendered C:/RailsInstaller/Ruby2.1.0/lib/ruby/gems/2.1.0/gems/actionpack-4.1.8/lib/action_dispatch/middleware/templates/rescues/_trace.html.erb (8.0ms)
  Rendered C:/RailsInstaller/Ruby2.1.0/lib/ruby/gems/2.1.0/gems/actionpack-4.1.8/lib/action_dispatch/middleware/templates/rescues/_request_and_response.html.erb (56.0ms)
  Rendered C:/RailsInstaller/Ruby2.1.0/lib/ruby/gems/2.1.0/gems/actionpack-4.1.8/lib/action_dispatch/middleware/templates/rescues/diagnostics.erb within rescues/layout (208.0ms)


Started GET "/" for 127.0.0.1 at 2015-05-16 11:39:27 +0100
Processing by Rails::WelcomeController#index as HTML
  Rendered C:/RailsInstaller/Ruby2.1.0/lib/ruby/gems/2.1.0/gems/railties-4.1.8/lib/rails/templates/rails/welcome/index.html.erb (0.0ms)
Completed 200 OK in 12ms (Views: 12.0ms | ActiveRecord: 0.0ms)


Started GET "/" for 127.0.0.1 at 2015-05-16 11:41:05 +0100
  [1m[36mActiveRecord::SchemaMigration Load (0.0ms)[0m  [1mSELECT "schema_migrations".* FROM "schema_migrations"[0m
Processing by Rails::WelcomeController#index as HTML
  Rendered C:/RailsInstaller/Ruby2.1.0/lib/ruby/gems/2.1.0/gems/railties-4.1.8/lib/rails/templates/rails/welcome/index.html.erb (13.8ms)
Completed 200 OK in 130ms (Views: 69.8ms | ActiveRecord: 0.0ms)


Started GET "/ideas" for 127.0.0.1 at 2015-05-16 11:41:17 +0100
Processing by IdeasController#index as HTML
  [1m[35mIdea Load (4.0ms)[0m  SELECT "ideas".* FROM "ideas"
  Rendered ideas/index.html.erb within layouts/application (4.0ms)
Completed 200 OK in 1650ms (Views: 1633.5ms | ActiveRecord: 4.0ms)


Started GET "/assets/ideas.css?body=1" for 127.0.0.1 at 2015-05-16 11:41:19 +0100


Started GET "/assets/scaffolds.css?body=1" for 127.0.0.1 at 2015-05-16 11:41:19 +0100


Started GET "/assets/application.css?body=1" for 127.0.0.1 at 2015-05-16 11:41:19 +0100


Started GET "/assets/jquery.js?body=1" for 127.0.0.1 at 2015-05-16 11:41:19 +0100


Started GET "/assets/jquery_ujs.js?body=1" for 127.0.0.1 at 2015-05-16 11:41:19 +0100


Started GET "/assets/ideas.js?body=1" for 127.0.0.1 at 2015-05-16 11:41:19 +0100


Started GET "/assets/application.js?body=1" for 127.0.0.1 at 2015-05-16 11:41:19 +0100


Started GET "/ideas/new" for 127.0.0.1 at 2015-05-16 11:52:13 +0100
Processing by IdeasController#new as HTML
  Rendered ideas/_form.html.erb (200.0ms)
  Rendered ideas/new.html.erb within layouts/application (317.1ms)
Completed 200 OK in 537ms (Views: 529.1ms | ActiveRecord: 0.0ms)


Started GET "/assets/application.js?body=1" for 127.0.0.1 at 2015-05-16 11:52:14 +0100


Started GET "/ideas/new" for 127.0.0.1 at 2015-05-16 11:58:37 +0100
Processing by IdeasController#new as HTML
  Rendered ideas/_form.html.erb (8.0ms)
  Rendered ideas/new.html.erb within layouts/application (16.0ms)
Completed 200 OK in 180ms (Views: 176.0ms | ActiveRecord: 0.0ms)


Started GET "/assets/ideas.css?body=1" for 127.0.0.1 at 2015-05-16 11:58:37 +0100


Started GET "/assets/scaffolds.css?body=1" for 127.0.0.1 at 2015-05-16 11:58:37 +0100


Started GET "/assets/application.css?body=1" for 127.0.0.1 at 2015-05-16 11:58:37 +0100


Started GET "/assets/jquery.js?body=1" for 127.0.0.1 at 2015-05-16 11:58:37 +0100


Started GET "/assets/ideas.js?body=1" for 127.0.0.1 at 2015-05-16 11:58:37 +0100


Started GET "/assets/jquery_ujs.js?body=1" for 127.0.0.1 at 2015-05-16 11:58:37 +0100


Started GET "/assets/application.js?body=1" for 127.0.0.1 at 2015-05-16 11:58:37 +0100


Started GET "/ideas" for 127.0.0.1 at 2015-05-16 11:58:42 +0100
Processing by IdeasController#index as HTML
  [1m[36mIdea Load (1.0ms)[0m  [1mSELECT "ideas".* FROM "ideas"[0m
  Rendered ideas/index.html.erb within layouts/application (10.1ms)
Completed 200 OK in 235ms (Views: 233.6ms | ActiveRecord: 1.0ms)


Started GET "/assets/ideas.css?body=1" for 127.0.0.1 at 2015-05-16 11:58:43 +0100


Started GET "/assets/scaffolds.css?body=1" for 127.0.0.1 at 2015-05-16 11:58:43 +0100


Started GET "/assets/application.css?body=1" for 127.0.0.1 at 2015-05-16 11:58:43 +0100


Started GET "/assets/ideas.js?body=1" for 127.0.0.1 at 2015-05-16 11:58:43 +0100


Started GET "/assets/jquery_ujs.js?body=1" for 127.0.0.1 at 2015-05-16 11:58:43 +0100


Started GET "/assets/jquery.js?body=1" for 127.0.0.1 at 2015-05-16 11:58:43 +0100


Started GET "/assets/application.js?body=1" for 127.0.0.1 at 2015-05-16 11:58:43 +0100


Started GET "/ideas" for 127.0.0.1 at 2015-05-16 11:58:57 +0100
Processing by IdeasController#index as HTML
  [1m[35mIdea Load (4.0ms)[0m  SELECT "ideas".* FROM "ideas"
  Rendered ideas/index.html.erb within layouts/application (4.0ms)
Completed 200 OK in 172ms (Views: 168.0ms | ActiveRecord: 4.0ms)


Started GET "/assets/ideas.css?body=1" for 127.0.0.1 at 2015-05-16 11:58:57 +0100


Started GET "/assets/application.css?body=1" for 127.0.0.1 at 2015-05-16 11:58:57 +0100


Started GET "/assets/scaffolds.css?body=1" for 127.0.0.1 at 2015-05-16 11:58:57 +0100


Started GET "/assets/jquery_ujs.js?body=1" for 127.0.0.1 at 2015-05-16 11:58:57 +0100


Started GET "/assets/ideas.js?body=1" for 127.0.0.1 at 2015-05-16 11:58:57 +0100


Started GET "/assets/jquery.js?body=1" for 127.0.0.1 at 2015-05-16 11:58:57 +0100


Started GET "/assets/application.js?body=1" for 127.0.0.1 at 2015-05-16 11:58:57 +0100


Started GET "/ideas" for 127.0.0.1 at 2015-05-16 12:16:25 +0100
  [1m[36mActiveRecord::SchemaMigration Load (0.0ms)[0m  [1mSELECT "schema_migrations".* FROM "schema_migrations"[0m
Processing by IdeasController#index as HTML
Completed 500 Internal Server Error in 92ms

NameError (uninitialized constant Idea::PictureUploader):
  app/models/idea.rb:2:in `<class:Idea>'
  app/models/idea.rb:1:in `<top (required)>'
  app/controllers/ideas_controller.rb:7:in `index'


  Rendered C:/RailsInstaller/Ruby2.1.0/lib/ruby/gems/2.1.0/gems/actionpack-4.1.8/lib/action_dispatch/middleware/templates/rescues/_source.erb (0.0ms)
  Rendered C:/RailsInstaller/Ruby2.1.0/lib/ruby/gems/2.1.0/gems/actionpack-4.1.8/lib/action_dispatch/middleware/templates/rescues/_trace.html.erb (8.0ms)
  Rendered C:/RailsInstaller/Ruby2.1.0/lib/ruby/gems/2.1.0/gems/actionpack-4.1.8/lib/action_dispatch/middleware/templates/rescues/_request_and_response.html.erb (4.0ms)
  Rendered C:/RailsInstaller/Ruby2.1.0/lib/ruby/gems/2.1.0/gems/actionpack-4.1.8/lib/action_dispatch/middleware/templates/rescues/diagnostics.erb within rescues/layout (160.0ms)


Started GET "/ideas" for 127.0.0.1 at 2015-05-16 12:17:58 +0100
  [1m[36mActiveRecord::SchemaMigration Load (0.0ms)[0m  [1mSELECT "schema_migrations".* FROM "schema_migrations"[0m
Processing by IdeasController#index as HTML
  [1m[35mIdea Load (0.0ms)[0m  SELECT "ideas".* FROM "ideas"
  Rendered ideas/index.html.erb within layouts/application (16.0ms)
Completed 200 OK in 424ms (Views: 344.4ms | ActiveRecord: 0.0ms)


Started GET "/assets/application.css?body=1" for 127.0.0.1 at 2015-05-16 12:17:59 +0100


Started GET "/assets/scaffolds.css?body=1" for 127.0.0.1 at 2015-05-16 12:17:59 +0100


Started GET "/assets/jquery.js?body=1" for 127.0.0.1 at 2015-05-16 12:18:00 +0100


Started GET "/assets/ideas.css?body=1" for 127.0.0.1 at 2015-05-16 12:18:00 +0100


Started GET "/assets/jquery_ujs.js?body=1" for 127.0.0.1 at 2015-05-16 12:18:00 +0100


Started GET "/assets/application.js?body=1" for 127.0.0.1 at 2015-05-16 12:18:00 +0100


Started GET "/assets/ideas.js?body=1" for 127.0.0.1 at 2015-05-16 12:18:00 +0100


Started GET "/ideas/new" for 127.0.0.1 at 2015-05-16 12:23:37 +0100
Processing by IdeasController#new as HTML
  Rendered ideas/_form.html.erb (136.0ms)
  Rendered ideas/new.html.erb within layouts/application (160.0ms)
Completed 200 OK in 348ms (Views: 340.0ms | ActiveRecord: 0.0ms)


Started GET "/assets/ideas.css?body=1" for 127.0.0.1 at 2015-05-16 12:23:38 +0100


Started GET "/assets/scaffolds.css?body=1" for 127.0.0.1 at 2015-05-16 12:23:38 +0100


Started GET "/assets/application.css?body=1" for 127.0.0.1 at 2015-05-16 12:23:38 +0100


Started GET "/assets/jquery.js?body=1" for 127.0.0.1 at 2015-05-16 12:23:38 +0100


Started GET "/assets/ideas.js?body=1" for 127.0.0.1 at 2015-05-16 12:23:38 +0100


Started GET "/assets/jquery_ujs.js?body=1" for 127.0.0.1 at 2015-05-16 12:23:38 +0100


Started GET "/assets/application.js?body=1" for 127.0.0.1 at 2015-05-16 12:23:38 +0100
